This file contains any messages produced by compilers while
running configure, to aid debugging if configure makes a mistake.

It was created by abrt-netbook configure 0.0.1, which was
generated by GNU Autoconf 2.63.  Invocation command line was

  $ ./configure --build=i686-pc-linux-gnu --host=i686-pc-linux-gnu --target=i586-meego-linux-gnu --program-prefix= --prefix=/usr --exec-prefix=/usr --bindir=/usr/bin --sbindir=/usr/sbin --sysconfdir=/etc --datadir=/usr/share --includedir=/usr/include --libdir=/usr/lib --libexecdir=/usr/libexec --localstatedir=/var --sharedstatedir=/var/lib --mandir=/usr/share/man --infodir=/usr/share/info --disable-static

## --------- ##
## Platform. ##
## --------- ##

hostname = krupert-desk.jf.intel.com
uname -m = i686
uname -r = 2.6.29.4-167.fc11.x86_64
uname -s = Linux
uname -v = #1 SMP Wed May 27 17:27:08 EDT 2009

/usr/bin/uname -p = unknown
/bin/uname -X     = unknown

/bin/arch              = i686
/usr/bin/arch -k       = unknown
/usr/convex/getsysinfo = unknown
/usr/bin/hostinfo      = unknown
/bin/machine           = unknown
/usr/bin/oslevel       = unknown
/bin/universe          = unknown

PATH: /usr/local/bin
PATH: /bin
PATH: /usr/bin
PATH: /usr/local/sbin
PATH: /usr/sbin
PATH: /sbin


## ----------- ##
## Core tests. ##
## ----------- ##

configure:2143: checking for a BSD-compatible install
configure:2211: result: /usr/bin/install -c
configure:2222: checking whether build environment is sane
configure:2282: result: yes
configure:2423: checking for a thread-safe mkdir -p
configure:2462: result: /bin/mkdir -p
configure:2475: checking for gawk
configure:2491: found /bin/gawk
configure:2502: result: gawk
configure:2513: checking whether make sets $(MAKE)
configure:2535: result: yes
configure:2700: checking build system type
configure:2718: result: i686-pc-linux-gnu
configure:2740: checking host system type
configure:2755: result: i686-pc-linux-gnu
configure:2789: checking for style of include used by make
configure:2817: result: GNU
configure:2847: checking for i686-pc-linux-gnu-gcc
configure:2877: result: no
configure:2887: checking for gcc
configure:2903: found /usr/bin/gcc
configure:2914: result: gcc
configure:3146: checking for C compiler version
configure:3154: gcc --version >&5
gcc (GCC) 4.4.2 20091027 (MeeGo 4.4.2-7)
Copyright (C) 2009 Free Software Foundation, Inc.
This is free software; see the source for copying conditions.  There is NO
warranty; not even for MERCHANTABILITY or FITNESS FOR A PARTICULAR PURPOSE.

configure:3158: $? = 0
configure:3165: gcc -v >&5
Using built-in specs.
Target: i586-meego-linux
Configured with: ../configure --prefix=/usr --mandir=/usr/share/man --infodir=/usr/share/info --with-bugurl=http://bugzilla.meego.com/ --enable-bootstrap --enable-shared --enable-threads=posix --enable-checking=release --with-system-zlib --enable-__cxa_atexit --disable-libunwind-exceptions --enable-gnu-unique-object --enable-languages=c,c++,objc,obj-c++,java,fortran --disable-libgcj --with-ppl --with-cloog --with-tune=generic --with-arch=i686 --build=i586-meego-linux
Thread model: posix
gcc version 4.4.2 20091027 (MeeGo 4.4.2-7) (GCC) 
configure:3169: $? = 0
configure:3176: gcc -V >&5
gcc: '-V' option must have argument
configure:3180: $? = 1
configure:3203: checking for C compiler default output file name
configure:3225: gcc -O2 -g -pipe -Wall -Wp,-D_FORTIFY_SOURCE=2 -fexceptions -fstack-protector --param=ssp-buffer-size=4 -m32 -march=core2 -mssse3 -mtune=atom -mfpmath=sse -fasynchronous-unwind-tables   conftest.c  >&5
configure:3229: $? = 0
configure:3267: result: a.out
configure:3286: checking whether the C compiler works
configure:3296: ./a.out
configure:3300: $? = 0
configure:3319: result: yes
configure:3326: checking whether we are cross compiling
configure:3328: result: no
configure:3331: checking for suffix of executables
configure:3338: gcc -o conftest -O2 -g -pipe -Wall -Wp,-D_FORTIFY_SOURCE=2 -fexceptions -fstack-protector --param=ssp-buffer-size=4 -m32 -march=core2 -mssse3 -mtune=atom -mfpmath=sse -fasynchronous-unwind-tables   conftest.c  >&5
configure:3342: $? = 0
configure:3368: result: 
configure:3374: checking for suffix of object files
configure:3400: gcc -c -O2 -g -pipe -Wall -Wp,-D_FORTIFY_SOURCE=2 -fexceptions -fstack-protector --param=ssp-buffer-size=4 -m32 -march=core2 -mssse3 -mtune=atom -mfpmath=sse -fasynchronous-unwind-tables  conftest.c >&5
configure:3404: $? = 0
configure:3429: result: o
configure:3433: checking whether we are using the GNU C compiler
configure:3462: gcc -c -O2 -g -pipe -Wall -Wp,-D_FORTIFY_SOURCE=2 -fexceptions -fstack-protector --param=ssp-buffer-size=4 -m32 -march=core2 -mssse3 -mtune=atom -mfpmath=sse -fasynchronous-unwind-tables  conftest.c >&5
configure:3469: $? = 0
configure:3486: result: yes
configure:3495: checking whether gcc accepts -g
configure:3525: gcc -c -g  conftest.c >&5
configure:3532: $? = 0
configure:3633: result: yes
configure:3650: checking for gcc option to accept ISO C89
configure:3724: gcc  -c -O2 -g -pipe -Wall -Wp,-D_FORTIFY_SOURCE=2 -fexceptions -fstack-protector --param=ssp-buffer-size=4 -m32 -march=core2 -mssse3 -mtune=atom -mfpmath=sse -fasynchronous-unwind-tables  conftest.c >&5
configure:3731: $? = 0
configure:3754: result: none needed
configure:3774: checking dependency style of gcc
configure:3884: result: gcc3
configure:3899: checking for a sed that does not truncate output
configure:3965: result: /bin/sed
configure:3983: checking for grep that handles long lines and -e
configure:4043: result: /bin/grep
configure:4048: checking for egrep
configure:4112: result: /bin/grep -E
configure:4117: checking for fgrep
configure:4181: result: /bin/grep -F
configure:4216: checking for ld used by gcc
configure:4283: result: /usr/bin/ld
configure:4292: checking if the linker (/usr/bin/ld) is GNU ld
configure:4307: result: yes
configure:4319: checking for BSD- or MS-compatible name lister (nm)
configure:4368: result: /usr/bin/nm -B
configure:4486: checking the name lister (/usr/bin/nm -B) interface
configure:4493: gcc -c -O2 -g -pipe -Wall -Wp,-D_FORTIFY_SOURCE=2 -fexceptions -fstack-protector --param=ssp-buffer-size=4 -m32 -march=core2 -mssse3 -mtune=atom -mfpmath=sse -fasynchronous-unwind-tables  conftest.c >&5
configure:4496: /usr/bin/nm -B "conftest.o"
configure:4499: output
00000000 B some_variable
configure:4506: result: BSD nm
configure:4509: checking whether ln -s works
configure:4513: result: yes
configure:4521: checking the maximum length of command line arguments
configure:4641: result: 1966080
configure:4658: checking whether the shell understands some XSI constructs
configure:4668: result: yes
configure:4672: checking whether the shell understands "+="
configure:4678: result: yes
configure:4713: checking for /usr/bin/ld option to reload object files
configure:4720: result: -r
configure:4749: checking for i686-pc-linux-gnu-objdump
configure:4779: result: no
configure:4789: checking for objdump
configure:4805: found /usr/bin/objdump
configure:4816: result: objdump
configure:4848: checking how to recognize dependent libraries
configure:5044: result: pass_all
configure:5064: checking for i686-pc-linux-gnu-ar
configure:5094: result: no
configure:5104: checking for ar
configure:5120: found /usr/bin/ar
configure:5131: result: ar
configure:5169: checking for i686-pc-linux-gnu-strip
configure:5199: result: no
configure:5209: checking for strip
configure:5225: found /usr/bin/strip
configure:5236: result: strip
configure:5268: checking for i686-pc-linux-gnu-ranlib
configure:5298: result: no
configure:5308: checking for ranlib
configure:5324: found /usr/bin/ranlib
configure:5335: result: ranlib
configure:5425: checking command to parse /usr/bin/nm -B output from gcc object
configure:5543: gcc -c -O2 -g -pipe -Wall -Wp,-D_FORTIFY_SOURCE=2 -fexceptions -fstack-protector --param=ssp-buffer-size=4 -m32 -march=core2 -mssse3 -mtune=atom -mfpmath=sse -fasynchronous-unwind-tables  conftest.c >&5
configure:5546: $? = 0
configure:5550: /usr/bin/nm -B conftest.o \| sed -n -e 's/^.*[	 ]\([ABCDGIRSTW][ABCDGIRSTW]*\)[	 ][	 ]*\([_A-Za-z][_A-Za-z0-9]*\)$/\1 \2 \2/p' \> conftest.nm
configure:5553: $? = 0
configure:5607: gcc -o conftest -O2 -g -pipe -Wall -Wp,-D_FORTIFY_SOURCE=2 -fexceptions -fstack-protector --param=ssp-buffer-size=4 -m32 -march=core2 -mssse3 -mtune=atom -mfpmath=sse -fasynchronous-unwind-tables   conftest.c conftstm.o >&5
configure:5610: $? = 0
configure:5648: result: ok
configure:6515: checking how to run the C preprocessor
configure:6555: gcc -E  conftest.c
configure:6562: $? = 0
configure:6593: gcc -E  conftest.c
conftest.c:10:28: error: ac_nonexistent.h: No such file or directory
configure:6600: $? = 1
configure: failed program was:
| /* confdefs.h.  */
| #define PACKAGE_NAME "abrt-netbook"
| #define PACKAGE_TARNAME "abrt-netbook"
| #define PACKAGE_VERSION "0.0.1"
| #define PACKAGE_STRING "abrt-netbook 0.0.1"
| #define PACKAGE_BUGREPORT ""
| #define PACKAGE "abrt-netbook"
| #define VERSION "0.0.1"
| /* end confdefs.h.  */
| #include <ac_nonexistent.h>
configure:6633: result: gcc -E
configure:6662: gcc -E  conftest.c
configure:6669: $? = 0
configure:6700: gcc -E  conftest.c
conftest.c:10:28: error: ac_nonexistent.h: No such file or directory
configure:6707: $? = 1
configure: failed program was:
| /* confdefs.h.  */
| #define PACKAGE_NAME "abrt-netbook"
| #define PACKAGE_TARNAME "abrt-netbook"
| #define PACKAGE_VERSION "0.0.1"
| #define PACKAGE_STRING "abrt-netbook 0.0.1"
| #define PACKAGE_BUGREPORT ""
| #define PACKAGE "abrt-netbook"
| #define VERSION "0.0.1"
| /* end confdefs.h.  */
| #include <ac_nonexistent.h>
configure:6747: checking for ANSI C header files
configure:6777: gcc -c -O2 -g -pipe -Wall -Wp,-D_FORTIFY_SOURCE=2 -fexceptions -fstack-protector --param=ssp-buffer-size=4 -m32 -march=core2 -mssse3 -mtune=atom -mfpmath=sse -fasynchronous-unwind-tables  conftest.c >&5
configure:6784: $? = 0
configure:6883: gcc -o conftest -O2 -g -pipe -Wall -Wp,-D_FORTIFY_SOURCE=2 -fexceptions -fstack-protector --param=ssp-buffer-size=4 -m32 -march=core2 -mssse3 -mtune=atom -mfpmath=sse -fasynchronous-unwind-tables   conftest.c  >&5
configure:6887: $? = 0
configure:6893: ./conftest
configure:6897: $? = 0
configure:6915: result: yes
configure:6939: checking for sys/types.h
configure:6960: gcc -c -O2 -g -pipe -Wall -Wp,-D_FORTIFY_SOURCE=2 -fexceptions -fstack-protector --param=ssp-buffer-size=4 -m32 -march=core2 -mssse3 -mtune=atom -mfpmath=sse -fasynchronous-unwind-tables  conftest.c >&5
configure:6967: $? = 0
configure:6984: result: yes
configure:6939: checking for sys/stat.h
configure:6960: gcc -c -O2 -g -pipe -Wall -Wp,-D_FORTIFY_SOURCE=2 -fexceptions -fstack-protector --param=ssp-buffer-size=4 -m32 -march=core2 -mssse3 -mtune=atom -mfpmath=sse -fasynchronous-unwind-tables  conftest.c >&5
configure:6967: $? = 0
configure:6984: result: yes
configure:6939: checking for stdlib.h
configure:6960: gcc -c -O2 -g -pipe -Wall -Wp,-D_FORTIFY_SOURCE=2 -fexceptions -fstack-protector --param=ssp-buffer-size=4 -m32 -march=core2 -mssse3 -mtune=atom -mfpmath=sse -fasynchronous-unwind-tables  conftest.c >&5
configure:6967: $? = 0
configure:6984: result: yes
configure:6939: checking for string.h
configure:6960: gcc -c -O2 -g -pipe -Wall -Wp,-D_FORTIFY_SOURCE=2 -fexceptions -fstack-protector --param=ssp-buffer-size=4 -m32 -march=core2 -mssse3 -mtune=atom -mfpmath=sse -fasynchronous-unwind-tables  conftest.c >&5
configure:6967: $? = 0
configure:6984: result: yes
configure:6939: checking for memory.h
configure:6960: gcc -c -O2 -g -pipe -Wall -Wp,-D_FORTIFY_SOURCE=2 -fexceptions -fstack-protector --param=ssp-buffer-size=4 -m32 -march=core2 -mssse3 -mtune=atom -mfpmath=sse -fasynchronous-unwind-tables  conftest.c >&5
configure:6967: $? = 0
configure:6984: result: yes
configure:6939: checking for strings.h
configure:6960: gcc -c -O2 -g -pipe -Wall -Wp,-D_FORTIFY_SOURCE=2 -fexceptions -fstack-protector --param=ssp-buffer-size=4 -m32 -march=core2 -mssse3 -mtune=atom -mfpmath=sse -fasynchronous-unwind-tables  conftest.c >&5
configure:6967: $? = 0
configure:6984: result: yes
configure:6939: checking for inttypes.h
configure:6960: gcc -c -O2 -g -pipe -Wall -Wp,-D_FORTIFY_SOURCE=2 -fexceptions -fstack-protector --param=ssp-buffer-size=4 -m32 -march=core2 -mssse3 -mtune=atom -mfpmath=sse -fasynchronous-unwind-tables  conftest.c >&5
configure:6967: $? = 0
configure:6984: result: yes
configure:6939: checking for stdint.h
configure:6960: gcc -c -O2 -g -pipe -Wall -Wp,-D_FORTIFY_SOURCE=2 -fexceptions -fstack-protector --param=ssp-buffer-size=4 -m32 -march=core2 -mssse3 -mtune=atom -mfpmath=sse -fasynchronous-unwind-tables  conftest.c >&5
configure:6967: $? = 0
configure:6984: result: yes
configure:6939: checking for unistd.h
configure:6960: gcc -c -O2 -g -pipe -Wall -Wp,-D_FORTIFY_SOURCE=2 -fexceptions -fstack-protector --param=ssp-buffer-size=4 -m32 -march=core2 -mssse3 -mtune=atom -mfpmath=sse -fasynchronous-unwind-tables  conftest.c >&5
configure:6967: $? = 0
configure:6984: result: yes
configure:7002: checking for dlfcn.h
configure:7023: gcc -c -O2 -g -pipe -Wall -Wp,-D_FORTIFY_SOURCE=2 -fexceptions -fstack-protector --param=ssp-buffer-size=4 -m32 -march=core2 -mssse3 -mtune=atom -mfpmath=sse -fasynchronous-unwind-tables  conftest.c >&5
configure:7030: $? = 0
configure:7047: result: yes
configure:7203: checking for objdir
configure:7218: result: .libs
configure:7510: checking if gcc supports -fno-rtti -fno-exceptions
configure:7528: gcc -c -O2 -g -pipe -Wall -Wp,-D_FORTIFY_SOURCE=2 -fexceptions -fstack-protector --param=ssp-buffer-size=4 -m32 -march=core2 -mssse3 -mtune=atom -mfpmath=sse -fasynchronous-unwind-tables  -fno-rtti -fno-exceptions conftest.c >&5
cc1: warning: command line option "-fno-rtti" is valid for C++/ObjC++ but not for C
configure:7532: $? = 0
configure:7545: result: no
configure:7565: checking for gcc option to produce PIC
configure:7837: result: -fPIC -DPIC
configure:7849: checking if gcc PIC flag -fPIC -DPIC works
configure:7867: gcc -c -O2 -g -pipe -Wall -Wp,-D_FORTIFY_SOURCE=2 -fexceptions -fstack-protector --param=ssp-buffer-size=4 -m32 -march=core2 -mssse3 -mtune=atom -mfpmath=sse -fasynchronous-unwind-tables  -fPIC -DPIC -DPIC conftest.c >&5
configure:7871: $? = 0
configure:7884: result: yes
configure:7908: checking if gcc static flag -static works
configure:7936: result: no
configure:7951: checking if gcc supports -c -o file.o
configure:7972: gcc -c -O2 -g -pipe -Wall -Wp,-D_FORTIFY_SOURCE=2 -fexceptions -fstack-protector --param=ssp-buffer-size=4 -m32 -march=core2 -mssse3 -mtune=atom -mfpmath=sse -fasynchronous-unwind-tables  -o out/conftest2.o conftest.c >&5
configure:7976: $? = 0
configure:7998: result: yes
configure:8006: checking if gcc supports -c -o file.o
configure:8053: result: yes
configure:8086: checking whether the gcc linker (/usr/bin/ld) supports shared libraries
configure:9160: result: yes
configure:9197: checking whether -lc should be explicitly linked in
configure:9202: gcc -c -O2 -g -pipe -Wall -Wp,-D_FORTIFY_SOURCE=2 -fexceptions -fstack-protector --param=ssp-buffer-size=4 -m32 -march=core2 -mssse3 -mtune=atom -mfpmath=sse -fasynchronous-unwind-tables  conftest.c >&5
configure:9205: $? = 0
configure:9220: gcc -shared conftest.o  -v -Wl,-soname -Wl,conftest -o conftest 2\>\&1 \| /bin/grep  -lc  \>/dev/null 2\>\&1
configure:9223: $? = 0
configure:9235: result: no
configure:9399: checking dynamic linker characteristics
configure:9842: gcc -o conftest -O2 -g -pipe -Wall -Wp,-D_FORTIFY_SOURCE=2 -fexceptions -fstack-protector --param=ssp-buffer-size=4 -m32 -march=core2 -mssse3 -mtune=atom -mfpmath=sse -fasynchronous-unwind-tables   -Wl,-rpath -Wl,/foo conftest.c  >&5
configure:9849: $? = 0
configure:10085: result: GNU/Linux ld.so
configure:10187: checking how to hardcode library paths into programs
configure:10212: result: immediate
configure:11045: checking whether stripping libraries is possible
configure:11050: result: yes
configure:11085: checking if libtool supports shared libraries
configure:11087: result: yes
configure:11090: checking whether to build shared libraries
configure:11111: result: yes
configure:11114: checking whether to build static libraries
configure:11118: result: no
configure:11167: checking for i686-pc-linux-gnu-g++
configure:11197: result: no
configure:11167: checking for i686-pc-linux-gnu-c++
configure:11197: result: no
configure:11167: checking for i686-pc-linux-gnu-gpp
configure:11197: result: no
configure:11167: checking for i686-pc-linux-gnu-aCC
configure:11197: result: no
configure:11167: checking for i686-pc-linux-gnu-CC
configure:11197: result: no
configure:11167: checking for i686-pc-linux-gnu-cxx
configure:11197: result: no
configure:11167: checking for i686-pc-linux-gnu-cc++
configure:11197: result: no
configure:11167: checking for i686-pc-linux-gnu-cl.exe
configure:11197: result: no
configure:11167: checking for i686-pc-linux-gnu-FCC
configure:11197: result: no
configure:11167: checking for i686-pc-linux-gnu-KCC
configure:11197: result: no
configure:11167: checking for i686-pc-linux-gnu-RCC
configure:11197: result: no
configure:11167: checking for i686-pc-linux-gnu-xlC_r
configure:11197: result: no
configure:11167: checking for i686-pc-linux-gnu-xlC
configure:11197: result: no
configure:11211: checking for g++
configure:11227: found /usr/bin/g++
configure:11238: result: g++
configure:11265: checking for C++ compiler version
configure:11273: g++ --version >&5
g++ (GCC) 4.4.2 20091027 (MeeGo 4.4.2-7)
Copyright (C) 2009 Free Software Foundation, Inc.
This is free software; see the source for copying conditions.  There is NO
warranty; not even for MERCHANTABILITY or FITNESS FOR A PARTICULAR PURPOSE.

configure:11277: $? = 0
configure:11284: g++ -v >&5
Using built-in specs.
Target: i586-meego-linux
Configured with: ../configure --prefix=/usr --mandir=/usr/share/man --infodir=/usr/share/info --with-bugurl=http://bugzilla.meego.com/ --enable-bootstrap --enable-shared --enable-threads=posix --enable-checking=release --with-system-zlib --enable-__cxa_atexit --disable-libunwind-exceptions --enable-gnu-unique-object --enable-languages=c,c++,objc,obj-c++,java,fortran --disable-libgcj --with-ppl --with-cloog --with-tune=generic --with-arch=i686 --build=i586-meego-linux
Thread model: posix
gcc version 4.4.2 20091027 (MeeGo 4.4.2-7) (GCC) 
configure:11288: $? = 0
configure:11295: g++ -V >&5
g++: '-V' option must have argument
configure:11299: $? = 1
configure:11302: checking whether we are using the GNU C++ compiler
configure:11331: g++ -c -O2 -g -march=core2 -mssse3 -mtune=atom -mfpmath=sse  conftest.cpp >&5
configure:11338: $? = 0
configure:11355: result: yes
configure:11364: checking whether g++ accepts -g
configure:11394: g++ -c -g  conftest.cpp >&5
configure:11401: $? = 0
configure:11502: result: yes
configure:11527: checking dependency style of g++
configure:11637: result: gcc3
configure:11765: checking for C++ compiler version
configure:11773: g++ --version >&5
g++ (GCC) 4.4.2 20091027 (MeeGo 4.4.2-7)
Copyright (C) 2009 Free Software Foundation, Inc.
This is free software; see the source for copying conditions.  There is NO
warranty; not even for MERCHANTABILITY or FITNESS FOR A PARTICULAR PURPOSE.

configure:11777: $? = 0
configure:11784: g++ -v >&5
Using built-in specs.
Target: i586-meego-linux
Configured with: ../configure --prefix=/usr --mandir=/usr/share/man --infodir=/usr/share/info --with-bugurl=http://bugzilla.meego.com/ --enable-bootstrap --enable-shared --enable-threads=posix --enable-checking=release --with-system-zlib --enable-__cxa_atexit --disable-libunwind-exceptions --enable-gnu-unique-object --enable-languages=c,c++,objc,obj-c++,java,fortran --disable-libgcj --with-ppl --with-cloog --with-tune=generic --with-arch=i686 --build=i586-meego-linux
Thread model: posix
gcc version 4.4.2 20091027 (MeeGo 4.4.2-7) (GCC) 
configure:11788: $? = 0
configure:11795: g++ -V >&5
g++: '-V' option must have argument
configure:11799: $? = 1
configure:11802: checking whether we are using the GNU C++ compiler
configure:11855: result: yes
configure:11864: checking whether g++ accepts -g
configure:12002: result: yes
configure:12027: checking dependency style of g++
configure:12137: result: gcc3
configure:12160: checking how to run the C++ preprocessor
configure:12196: g++ -E  conftest.cpp
configure:12203: $? = 0
configure:12234: g++ -E  conftest.cpp
conftest.cpp:22:28: error: ac_nonexistent.h: No such file or directory
configure:12241: $? = 1
configure: failed program was:
| /* confdefs.h.  */
| #define PACKAGE_NAME "abrt-netbook"
| #define PACKAGE_TARNAME "abrt-netbook"
| #define PACKAGE_VERSION "0.0.1"
| #define PACKAGE_STRING "abrt-netbook 0.0.1"
| #define PACKAGE_BUGREPORT ""
| #define PACKAGE "abrt-netbook"
| #define VERSION "0.0.1"
| #define STDC_HEADERS 1
| #define HAVE_SYS_TYPES_H 1
| #define HAVE_SYS_STAT_H 1
| #define HAVE_STDLIB_H 1
| #define HAVE_STRING_H 1
| #define HAVE_MEMORY_H 1
| #define HAVE_STRINGS_H 1
| #define HAVE_INTTYPES_H 1
| #define HAVE_STDINT_H 1
| #define HAVE_UNISTD_H 1
| #define HAVE_DLFCN_H 1
| #define LT_OBJDIR ".libs/"
| /* end confdefs.h.  */
| #include <ac_nonexistent.h>
configure:12274: result: g++ -E
configure:12303: g++ -E  conftest.cpp
configure:12310: $? = 0
configure:12341: g++ -E  conftest.cpp
conftest.cpp:22:28: error: ac_nonexistent.h: No such file or directory
configure:12348: $? = 1
configure: failed program was:
| /* confdefs.h.  */
| #define PACKAGE_NAME "abrt-netbook"
| #define PACKAGE_TARNAME "abrt-netbook"
| #define PACKAGE_VERSION "0.0.1"
| #define PACKAGE_STRING "abrt-netbook 0.0.1"
| #define PACKAGE_BUGREPORT ""
| #define PACKAGE "abrt-netbook"
| #define VERSION "0.0.1"
| #define STDC_HEADERS 1
| #define HAVE_SYS_TYPES_H 1
| #define HAVE_SYS_STAT_H 1
| #define HAVE_STDLIB_H 1
| #define HAVE_STRING_H 1
| #define HAVE_MEMORY_H 1
| #define HAVE_STRINGS_H 1
| #define HAVE_INTTYPES_H 1
| #define HAVE_STDINT_H 1
| #define HAVE_UNISTD_H 1
| #define HAVE_DLFCN_H 1
| #define LT_OBJDIR ".libs/"
| /* end confdefs.h.  */
| #include <ac_nonexistent.h>
configure:12524: checking for ld used by g++
configure:12591: result: /usr/bin/ld
configure:12600: checking if the linker (/usr/bin/ld) is GNU ld
configure:12615: result: yes
configure:12670: checking whether the g++ linker (/usr/bin/ld) supports shared libraries
configure:13645: result: yes
configure:13673: g++ -c -O2 -g -march=core2 -mssse3 -mtune=atom -mfpmath=sse  conftest.cpp >&5
configure:13676: $? = 0
configure:13858: checking for g++ option to produce PIC
configure:14175: result: -fPIC -DPIC
configure:14184: checking if g++ PIC flag -fPIC -DPIC works
configure:14202: g++ -c -O2 -g -march=core2 -mssse3 -mtune=atom -mfpmath=sse  -fPIC -DPIC -DPIC conftest.cpp >&5
configure:14206: $? = 0
configure:14219: result: yes
configure:14240: checking if g++ static flag -static works
configure:14268: result: no
configure:14280: checking if g++ supports -c -o file.o
configure:14301: g++ -c -O2 -g -march=core2 -mssse3 -mtune=atom -mfpmath=sse  -o out/conftest2.o conftest.cpp >&5
configure:14305: $? = 0
configure:14327: result: yes
configure:14332: checking if g++ supports -c -o file.o
configure:14379: result: yes
configure:14409: checking whether the g++ linker (/usr/bin/ld) supports shared libraries
configure:14435: result: yes
configure:14572: checking dynamic linker characteristics
configure:14963: g++ -o conftest -O2 -g -march=core2 -mssse3 -mtune=atom -mfpmath=sse   -Wl,-rpath -Wl,/foo conftest.cpp  >&5
configure:14970: $? = 0
configure:15206: result: GNU/Linux ld.so
configure:15257: checking how to hardcode library paths into programs
configure:15282: result: immediate
configure:15329: checking for special C compiler options needed for large files
configure:15424: result: no
configure:15430: checking for _FILE_OFFSET_BITS value needed for large files
configure:15465: gcc -c -O2 -g -pipe -Wall -Wp,-D_FORTIFY_SOURCE=2 -fexceptions -fstack-protector --param=ssp-buffer-size=4 -m32 -march=core2 -mssse3 -mtune=atom -mfpmath=sse -fasynchronous-unwind-tables  conftest.c >&5
conftest.c:28: warning: left shift count >= width of type
conftest.c:28: warning: left shift count >= width of type
conftest.c:30: error: size of array 'off_t_is_large' is negative
configure:15472: $? = 1
configure: failed program was:
| /* confdefs.h.  */
| #define PACKAGE_NAME "abrt-netbook"
| #define PACKAGE_TARNAME "abrt-netbook"
| #define PACKAGE_VERSION "0.0.1"
| #define PACKAGE_STRING "abrt-netbook 0.0.1"
| #define PACKAGE_BUGREPORT ""
| #define PACKAGE "abrt-netbook"
| #define VERSION "0.0.1"
| #define STDC_HEADERS 1
| #define HAVE_SYS_TYPES_H 1
| #define HAVE_SYS_STAT_H 1
| #define HAVE_STDLIB_H 1
| #define HAVE_STRING_H 1
| #define HAVE_MEMORY_H 1
| #define HAVE_STRINGS_H 1
| #define HAVE_INTTYPES_H 1
| #define HAVE_STDINT_H 1
| #define HAVE_UNISTD_H 1
| #define HAVE_DLFCN_H 1
| #define LT_OBJDIR ".libs/"
| /* end confdefs.h.  */
| #include <sys/types.h>
|  /* Check that off_t can represent 2**63 - 1 correctly.
|     We can't simply define LARGE_OFF_T to be 9223372036854775807,
|     since some C++ compilers masquerading as C compilers
|     incorrectly reject 9223372036854775807.  */
| #define LARGE_OFF_T (((off_t) 1 << 62) - 1 + ((off_t) 1 << 62))
|   int off_t_is_large[(LARGE_OFF_T % 2147483629 == 721
| 		       && LARGE_OFF_T % 2147483647 == 1)
| 		      ? 1 : -1];
| int
| main ()
| {
| 
|   ;
|   return 0;
| }
configure:15516: gcc -c -O2 -g -pipe -Wall -Wp,-D_FORTIFY_SOURCE=2 -fexceptions -fstack-protector --param=ssp-buffer-size=4 -m32 -march=core2 -mssse3 -mtune=atom -mfpmath=sse -fasynchronous-unwind-tables  conftest.c >&5
configure:15523: $? = 0
configure:15541: result: 64
configure:15686: checking for i686-pc-linux-gnu-pkg-config
configure:15719: result: no
configure:15729: checking for pkg-config
configure:15747: found /usr/bin/pkg-config
configure:15759: result: /usr/bin/pkg-config
configure:15784: checking pkg-config is at least version 0.9.0
configure:15787: result: yes
configure:15798: checking for GTK
configure:15805: $PKG_CONFIG --exists --print-errors "gtk+-2.0"
configure:15808: $? = 0
configure:15821: $PKG_CONFIG --exists --print-errors "gtk+-2.0"
configure:15824: $? = 0
configure:15901: result: yes
configure:15907: checking for GLIB
configure:15914: $PKG_CONFIG --exists --print-errors "glib-2.0 >= 2.21"
configure:15917: $? = 0
configure:15930: $PKG_CONFIG --exists --print-errors "glib-2.0 >= 2.21"
configure:15933: $? = 0
configure:16010: result: yes
configure:16016: checking for CAPPLET
configure:16023: $PKG_CONFIG --exists --print-errors "mx-1.0"
configure:16026: $? = 0
configure:16039: $PKG_CONFIG --exists --print-errors "mx-1.0"
configure:16042: $? = 0
configure:16119: result: yes
configure:16125: checking for CPA
configure:16132: $PKG_CONFIG --exists --print-errors "mx-gtk-1.0"
configure:16135: $? = 0
configure:16148: $PKG_CONFIG --exists --print-errors "mx-gtk-1.0"
configure:16151: $? = 0
configure:16228: result: yes
configure:16234: checking for CC
configure:16241: $PKG_CONFIG --exists --print-errors "gmodule-export-2.0 libgnome-control-center-extension"
configure:16244: $? = 0
configure:16257: $PKG_CONFIG --exists --print-errors "gmodule-export-2.0 libgnome-control-center-extension"
configure:16260: $? = 0
configure:16337: result: yes

## ---------------- ##
## Cache variables. ##
## ---------------- ##

ac_cv_build=i686-pc-linux-gnu
ac_cv_c_compiler_gnu=yes
ac_cv_cxx_compiler_gnu=yes
ac_cv_env_CAPPLET_CFLAGS_set=
ac_cv_env_CAPPLET_CFLAGS_value=
ac_cv_env_CAPPLET_LIBS_set=
ac_cv_env_CAPPLET_LIBS_value=
ac_cv_env_CCC_set=
ac_cv_env_CCC_value=
ac_cv_env_CC_CFLAGS_set=
ac_cv_env_CC_CFLAGS_value=
ac_cv_env_CC_LIBS_set=
ac_cv_env_CC_LIBS_value=
ac_cv_env_CC_set=
ac_cv_env_CC_value=
ac_cv_env_CFLAGS_set=set
ac_cv_env_CFLAGS_value='-O2 -g -pipe -Wall -Wp,-D_FORTIFY_SOURCE=2 -fexceptions -fstack-protector --param=ssp-buffer-size=4 -m32 -march=core2 -mssse3 -mtune=atom -mfpmath=sse -fasynchronous-unwind-tables'
ac_cv_env_CPA_CFLAGS_set=
ac_cv_env_CPA_CFLAGS_value=
ac_cv_env_CPA_LIBS_set=
ac_cv_env_CPA_LIBS_value=
ac_cv_env_CPPFLAGS_set=
ac_cv_env_CPPFLAGS_value=
ac_cv_env_CPP_set=
ac_cv_env_CPP_value=
ac_cv_env_CXXCPP_set=
ac_cv_env_CXXCPP_value=
ac_cv_env_CXXFLAGS_set=set
ac_cv_env_CXXFLAGS_value='-O2 -g -march=core2 -mssse3 -mtune=atom -mfpmath=sse'
ac_cv_env_CXX_set=
ac_cv_env_CXX_value=
ac_cv_env_GLIB_CFLAGS_set=
ac_cv_env_GLIB_CFLAGS_value=
ac_cv_env_GLIB_LIBS_set=
ac_cv_env_GLIB_LIBS_value=
ac_cv_env_GTK_CFLAGS_set=
ac_cv_env_GTK_CFLAGS_value=
ac_cv_env_GTK_LIBS_set=
ac_cv_env_GTK_LIBS_value=
ac_cv_env_LDFLAGS_set=
ac_cv_env_LDFLAGS_value=
ac_cv_env_LIBS_set=
ac_cv_env_LIBS_value=
ac_cv_env_PKG_CONFIG_set=
ac_cv_env_PKG_CONFIG_value=
ac_cv_env_build_alias_set=set
ac_cv_env_build_alias_value=i686-pc-linux-gnu
ac_cv_env_host_alias_set=set
ac_cv_env_host_alias_value=i686-pc-linux-gnu
ac_cv_env_target_alias_set=set
ac_cv_env_target_alias_value=i586-meego-linux-gnu
ac_cv_header_dlfcn_h=yes
ac_cv_header_inttypes_h=yes
ac_cv_header_memory_h=yes
ac_cv_header_stdc=yes
ac_cv_header_stdint_h=yes
ac_cv_header_stdlib_h=yes
ac_cv_header_string_h=yes
ac_cv_header_strings_h=yes
ac_cv_header_sys_stat_h=yes
ac_cv_header_sys_types_h=yes
ac_cv_header_unistd_h=yes
ac_cv_host=i686-pc-linux-gnu
ac_cv_objext=o
ac_cv_path_EGREP='/bin/grep -E'
ac_cv_path_FGREP='/bin/grep -F'
ac_cv_path_GREP=/bin/grep
ac_cv_path_SED=/bin/sed
ac_cv_path_ac_pt_PKG_CONFIG=/usr/bin/pkg-config
ac_cv_path_install='/usr/bin/install -c'
ac_cv_path_mkdir=/bin/mkdir
ac_cv_prog_AWK=gawk
ac_cv_prog_CPP='gcc -E'
ac_cv_prog_CXXCPP='g++ -E'
ac_cv_prog_ac_ct_AR=ar
ac_cv_prog_ac_ct_CC=gcc
ac_cv_prog_ac_ct_CXX=g++
ac_cv_prog_ac_ct_OBJDUMP=objdump
ac_cv_prog_ac_ct_RANLIB=ranlib
ac_cv_prog_ac_ct_STRIP=strip
ac_cv_prog_cc_c89=
ac_cv_prog_cc_g=yes
ac_cv_prog_cxx_g=yes
ac_cv_prog_make_make_set=yes
ac_cv_sys_file_offset_bits=64
ac_cv_sys_largefile_CC=no
am_cv_CC_dependencies_compiler_type=gcc3
am_cv_CXX_dependencies_compiler_type=gcc3
lt_cv_deplibs_check_method=pass_all
lt_cv_file_magic_cmd='$MAGIC_CMD'
lt_cv_file_magic_test_file=
lt_cv_ld_reload_flag=-r
lt_cv_nm_interface='BSD nm'
lt_cv_objdir=.libs
lt_cv_path_LD=/usr/bin/ld
lt_cv_path_LDCXX=/usr/bin/ld
lt_cv_path_NM='/usr/bin/nm -B'
lt_cv_prog_compiler_c_o=yes
lt_cv_prog_compiler_c_o_CXX=yes
lt_cv_prog_compiler_pic_works=yes
lt_cv_prog_compiler_pic_works_CXX=yes
lt_cv_prog_compiler_rtti_exceptions=no
lt_cv_prog_compiler_static_works=no
lt_cv_prog_compiler_static_works_CXX=no
lt_cv_prog_gnu_ld=yes
lt_cv_prog_gnu_ldcxx=yes
lt_cv_sys_global_symbol_pipe='sed -n -e '\''s/^.*[	 ]\([ABCDGIRSTW][ABCDGIRSTW]*\)[	 ][	 ]*\([_A-Za-z][_A-Za-z0-9]*\)$/\1 \2 \2/p'\'''
lt_cv_sys_global_symbol_to_c_name_address='sed -n -e '\''s/^: \([^ ]*\) $/  {\"\1\", (void *) 0},/p'\'' -e '\''s/^[ABCDGIRSTW]* \([^ ]*\) \([^ ]*\)$/  {"\2", (void *) \&\2},/p'\'''
lt_cv_sys_global_symbol_to_c_name_address_lib_prefix='sed -n -e '\''s/^: \([^ ]*\) $/  {\"\1\", (void *) 0},/p'\'' -e '\''s/^[ABCDGIRSTW]* \([^ ]*\) \(lib[^ ]*\)$/  {"\2", (void *) \&\2},/p'\'' -e '\''s/^[ABCDGIRSTW]* \([^ ]*\) \([^ ]*\)$/  {"lib\2", (void *) \&\2},/p'\'''
lt_cv_sys_global_symbol_to_cdecl='sed -n -e '\''s/^T .* \(.*\)$/extern int \1();/p'\'' -e '\''s/^[ABCDGIRSTW]* .* \(.*\)$/extern char \1;/p'\'''
lt_cv_sys_max_cmd_len=1966080
pkg_cv_CAPPLET_CFLAGS='-pthread -I/usr/include/mx-1.0 -I/usr/include/clutter-1.0 -I/usr/include/cairo -I/usr/include/pango-1.0 -I/usr/include/gtk-2.0 -I/usr/include/json-glib-1.0 -I/usr/include/glib-2.0 -I/usr/lib/glib-2.0/include  '
pkg_cv_CAPPLET_LIBS='-pthread -lmx-1.0 -lclutter-glx-1.0 -lpangocairo-1.0 -lgdk_pixbuf-2.0 -lGL -lX11 -lXext -lXdamage -lXcomposite -lXi -ljson-glib-1.0 -lpango-1.0 -lcairo -lgmodule-2.0 -lXfixes -lgobject-2.0 -lgthread-2.0 -lrt -lglib-2.0  '
pkg_cv_CC_CFLAGS='-pthread -I/usr/include/glib-2.0 -I/usr/lib/glib-2.0/include -I/usr/include/gnome-control-center-1 -I/usr/include/gtk-2.0 -I/usr/lib/gtk-2.0/include -I/usr/include/atk-1.0 -I/usr/include/cairo -I/usr/include/pango-1.0 -I/usr/include/freetype2  '
pkg_cv_CC_LIBS='-Wl,--export-dynamic -pthread -lgnome-control-center-extension -lgtk-x11-2.0 -lgdk-x11-2.0 -latk-1.0 -lgio-2.0 -lpangoft2-1.0 -lgdk_pixbuf-2.0 -lpangocairo-1.0 -lcairo -lpango-1.0 -lfreetype -lfontconfig -lgobject-2.0 -lgmodule-2.0 -lgthread-2.0 -lrt -lglib-2.0  '
pkg_cv_CPA_CFLAGS='-pthread -I/usr/include/mx-1.0 -I/usr/include/gtk-2.0 -I/usr/lib/gtk-2.0/include -I/usr/include/atk-1.0 -I/usr/include/cairo -I/usr/include/pango-1.0 -I/usr/include/glib-2.0 -I/usr/lib/glib-2.0/include -I/usr/include/freetype2  '
pkg_cv_CPA_LIBS='-pthread -lmx-gtk-1.0 -lgtk-x11-2.0 -lgdk-x11-2.0 -latk-1.0 -lgio-2.0 -lpangoft2-1.0 -lgdk_pixbuf-2.0 -lpangocairo-1.0 -lcairo -lpango-1.0 -lfreetype -lfontconfig -lgobject-2.0 -lgmodule-2.0 -lgthread-2.0 -lrt -lglib-2.0  '
pkg_cv_GLIB_CFLAGS='-I/usr/include/glib-2.0 -I/usr/lib/glib-2.0/include  '
pkg_cv_GLIB_LIBS='-lglib-2.0  '
pkg_cv_GTK_CFLAGS='-pthread -I/usr/include/gtk-2.0 -I/usr/lib/gtk-2.0/include -I/usr/include/atk-1.0 -I/usr/include/cairo -I/usr/include/pango-1.0 -I/usr/include/glib-2.0 -I/usr/lib/glib-2.0/include -I/usr/include/freetype2  '
pkg_cv_GTK_LIBS='-pthread -lgtk-x11-2.0 -lgdk-x11-2.0 -latk-1.0 -lgio-2.0 -lpangoft2-1.0 -lgdk_pixbuf-2.0 -lpangocairo-1.0 -lcairo -lpango-1.0 -lfreetype -lfontconfig -lgobject-2.0 -lgmodule-2.0 -lgthread-2.0 -lrt -lglib-2.0  '

## ----------------- ##
## Output variables. ##
## ----------------- ##

ACLOCAL='${SHELL} /home/abuild/rpmbuild/BUILD/abrt-netbook-0.0.1/missing --run aclocal-1.11'
AMDEPBACKSLASH='\'
AMDEP_FALSE='#'
AMDEP_TRUE=''
AMTAR='${SHELL} /home/abuild/rpmbuild/BUILD/abrt-netbook-0.0.1/missing --run tar'
AM_BACKSLASH='\'
AM_DEFAULT_VERBOSITY='0'
AR='ar'
AUTOCONF='${SHELL} /home/abuild/rpmbuild/BUILD/abrt-netbook-0.0.1/missing --run autoconf'
AUTOHEADER='${SHELL} /home/abuild/rpmbuild/BUILD/abrt-netbook-0.0.1/missing --run autoheader'
AUTOMAKE='${SHELL} /home/abuild/rpmbuild/BUILD/abrt-netbook-0.0.1/missing --run automake-1.11'
AWK='gawk'
CAPPLET_CFLAGS='-pthread -I/usr/include/mx-1.0 -I/usr/include/clutter-1.0 -I/usr/include/cairo -I/usr/include/pango-1.0 -I/usr/include/gtk-2.0 -I/usr/include/json-glib-1.0 -I/usr/include/glib-2.0 -I/usr/lib/glib-2.0/include  '
CAPPLET_LIBS='-pthread -lmx-1.0 -lclutter-glx-1.0 -lpangocairo-1.0 -lgdk_pixbuf-2.0 -lGL -lX11 -lXext -lXdamage -lXcomposite -lXi -ljson-glib-1.0 -lpango-1.0 -lcairo -lgmodule-2.0 -lXfixes -lgobject-2.0 -lgthread-2.0 -lrt -lglib-2.0  '
CATALOGS=''
CATOBJEXT=''
CC='gcc'
CCDEPMODE='depmode=gcc3'
CC_CFLAGS='-pthread -I/usr/include/glib-2.0 -I/usr/lib/glib-2.0/include -I/usr/include/gnome-control-center-1 -I/usr/include/gtk-2.0 -I/usr/lib/gtk-2.0/include -I/usr/include/atk-1.0 -I/usr/include/cairo -I/usr/include/pango-1.0 -I/usr/include/freetype2  '
CC_DIR='/usr/lib/control-center-1/extensions'
CC_LIBS='-Wl,--export-dynamic -pthread -lgnome-control-center-extension -lgtk-x11-2.0 -lgdk-x11-2.0 -latk-1.0 -lgio-2.0 -lpangoft2-1.0 -lgdk_pixbuf-2.0 -lpangocairo-1.0 -lcairo -lpango-1.0 -lfreetype -lfontconfig -lgobject-2.0 -lgmodule-2.0 -lgthread-2.0 -lrt -lglib-2.0  '
CFLAGS='-O2 -g -pipe -Wall -Wp,-D_FORTIFY_SOURCE=2 -fexceptions -fstack-protector --param=ssp-buffer-size=4 -m32 -march=core2 -mssse3 -mtune=atom -mfpmath=sse -fasynchronous-unwind-tables'
CONF_DIR=''
CPA_CFLAGS='-pthread -I/usr/include/mx-1.0 -I/usr/include/gtk-2.0 -I/usr/lib/gtk-2.0/include -I/usr/include/atk-1.0 -I/usr/include/cairo -I/usr/include/pango-1.0 -I/usr/include/glib-2.0 -I/usr/lib/glib-2.0/include -I/usr/include/freetype2  '
CPA_LIBS='-pthread -lmx-gtk-1.0 -lgtk-x11-2.0 -lgdk-x11-2.0 -latk-1.0 -lgio-2.0 -lpangoft2-1.0 -lgdk_pixbuf-2.0 -lpangocairo-1.0 -lcairo -lpango-1.0 -lfreetype -lfontconfig -lgobject-2.0 -lgmodule-2.0 -lgthread-2.0 -lrt -lglib-2.0  '
CPP='gcc -E'
CPPFLAGS=''
CXX='g++'
CXXCPP='g++ -E'
CXXDEPMODE='depmode=gcc3'
CXXFLAGS='-O2 -g -march=core2 -mssse3 -mtune=atom -mfpmath=sse -D_LARGEFILE_SOURCE -D_LARGEFILE64_SOURCE -D_FILE_OFFSET_BITS=64'
CYGPATH_W='echo'
DATADIRNAME=''
DEFS=''
DEPDIR='.deps'
DL_LIBS=''
DSYMUTIL=''
DUMPBIN=''
ECHO_C=''
ECHO_N='-n'
ECHO_T=''
EGREP='/bin/grep -E'
EXEEXT=''
FGREP='/bin/grep -F'
GETTEXT_PACKAGE=''
GLIB_CFLAGS='-I/usr/include/glib-2.0 -I/usr/lib/glib-2.0/include  '
GLIB_LIBS='-lglib-2.0  '
GMOFILES=''
GMSGFMT=''
GREP='/bin/grep'
GTK_CFLAGS='-pthread -I/usr/include/gtk-2.0 -I/usr/lib/gtk-2.0/include -I/usr/include/atk-1.0 -I/usr/include/cairo -I/usr/include/pango-1.0 -I/usr/include/glib-2.0 -I/usr/lib/glib-2.0/include -I/usr/include/freetype2  '
GTK_LIBS='-pthread -lgtk-x11-2.0 -lgdk-x11-2.0 -latk-1.0 -lgio-2.0 -lpangoft2-1.0 -lgdk_pixbuf-2.0 -lpangocairo-1.0 -lcairo -lpango-1.0 -lfreetype -lfontconfig -lgobject-2.0 -lgmodule-2.0 -lgthread-2.0 -lrt -lglib-2.0  '
INSTALL_DATA='${INSTALL} -m 644'
INSTALL_PROGRAM='${INSTALL}'
INSTALL_SCRIPT='${INSTALL}'
INSTALL_STRIP_PROGRAM='$(install_sh) -c -s'
INSTOBJEXT=''
INTLLIBS=''
LD='/usr/bin/ld'
LDFLAGS=''
LIBOBJS=''
LIBS=''
LIBTOOL='$(SHELL) $(top_builddir)/libtool'
LIPO=''
LN_S='ln -s'
LTLIBOBJS=''
MAKEINFO='${SHELL} /home/abuild/rpmbuild/BUILD/abrt-netbook-0.0.1/missing --run makeinfo'
MKDIR_P='/bin/mkdir -p'
MKINSTALLDIRS=''
MSGFMT=''
MSGFMT_OPTS=''
NM='/usr/bin/nm -B'
NMEDIT=''
OBJDUMP='objdump'
OBJEXT='o'
OTOOL64=''
OTOOL=''
PACKAGE='abrt-netbook'
PACKAGE_BUGREPORT=''
PACKAGE_NAME='abrt-netbook'
PACKAGE_STRING='abrt-netbook 0.0.1'
PACKAGE_TARNAME='abrt-netbook'
PACKAGE_VERSION='0.0.1'
PATH_SEPARATOR=':'
PKG_CONFIG='/usr/bin/pkg-config'
POFILES=''
POSUB=''
PO_IN_DATADIR_FALSE=''
PO_IN_DATADIR_TRUE=''
RANLIB='ranlib'
SED='/bin/sed'
SET_MAKE=''
SHELL='/bin/sh'
STRIP='strip'
USE_NLS=''
VAR_RUN=''
VERSION='0.0.1'
XGETTEXT=''
ac_ct_CC='gcc'
ac_ct_CXX='g++'
ac_ct_DUMPBIN=''
am__EXEEXT_FALSE=''
am__EXEEXT_TRUE=''
am__fastdepCC_FALSE='#'
am__fastdepCC_TRUE=''
am__fastdepCXX_FALSE='#'
am__fastdepCXX_TRUE=''
am__include='include'
am__isrc=''
am__leading_dot='.'
am__quote=''
am__tar='${AMTAR} chof - "$$tardir"'
am__untar='${AMTAR} xf -'
bindir='/usr/bin'
build='i686-pc-linux-gnu'
build_alias='i686-pc-linux-gnu'
build_cpu='i686'
build_os='linux-gnu'
build_vendor='pc'
datadir='/usr/share'
datarootdir='${prefix}/share'
docdir='${datarootdir}/doc/${PACKAGE_TARNAME}'
dvidir='${docdir}'
exec_prefix='/usr'
host='i686-pc-linux-gnu'
host_alias='i686-pc-linux-gnu'
host_cpu='i686'
host_os='linux-gnu'
host_vendor='pc'
htmldir='${docdir}'
includedir='/usr/include'
infodir='/usr/share/info'
install_sh='${SHELL} /home/abuild/rpmbuild/BUILD/abrt-netbook-0.0.1/install-sh'
libdir='/usr/lib'
libexecdir='/usr/libexec'
localedir='${datarootdir}/locale'
localstatedir='/var'
lt_ECHO='echo'
mandir='/usr/share/man'
mkdir_p='/bin/mkdir -p'
oldincludedir='/usr/include'
pdfdir='${docdir}'
prefix='/usr'
program_transform_name='s&^&&'
psdir='${docdir}'
sbindir='/usr/sbin'
sharedstatedir='/var/lib'
sysconfdir='/etc'
target_alias='i586-meego-linux-gnu'

## ----------- ##
## confdefs.h. ##
## ----------- ##

#define PACKAGE_NAME "abrt-netbook"
#define PACKAGE_TARNAME "abrt-netbook"
#define PACKAGE_VERSION "0.0.1"
#define PACKAGE_STRING "abrt-netbook 0.0.1"
#define PACKAGE_BUGREPORT ""
#define PACKAGE "abrt-netbook"
#define VERSION "0.0.1"
#define STDC_HEADERS 1
#define HAVE_SYS_TYPES_H 1
#define HAVE_SYS_STAT_H 1
#define HAVE_STDLIB_H 1
#define HAVE_STRING_H 1
#define HAVE_MEMORY_H 1
#define HAVE_STRINGS_H 1
#define HAVE_INTTYPES_H 1
#define HAVE_STDINT_H 1
#define HAVE_UNISTD_H 1
#define HAVE_DLFCN_H 1
#define LT_OBJDIR ".libs/"
#define _FILE_OFFSET_BITS 64

configure: exit 258
